TN:
SF:db\adminRepository.js
FN:7,getStats
FN:22,listUsers
FN:51,createReward
FN:62,updateReward
FN:87,deleteReward
FN:96,getRewardById
FNF:6
FNH:6
FNDA:1,getStats
FNDA:1,listUsers
FNDA:1,createReward
FNDA:2,updateReward
FNDA:2,deleteReward
FNDA:1,getRewardById
DA:1,10
DA:8,1
DA:15,1
DA:23,1
DA:24,1
DA:26,1
DA:40,1
DA:47,1
DA:52,1
DA:58,1
DA:63,2
DA:64,2
DA:65,2
DA:67,2
DA:68,2
DA:69,2
DA:70,2
DA:72,2
DA:74,1
DA:75,1
DA:77,1
DA:83,1
DA:88,2
DA:93,2
DA:97,1
DA:101,1
DA:104,10
LF:27
LH:27
BRDA:24,0,0,1
BRDA:24,0,1,1
BRDA:44,1,0,1
BRDA:44,1,1,1
BRDA:51,2,0,1
BRDA:56,3,0,1
BRDA:56,3,1,0
BRDA:67,4,0,1
BRDA:67,4,1,1
BRDA:68,5,0,1
BRDA:68,5,1,1
BRDA:69,6,0,0
BRDA:69,6,1,2
BRDA:70,7,0,0
BRDA:70,7,1,2
BRDA:72,8,0,1
BRDA:72,8,1,1
BRDA:83,9,0,1
BRDA:83,9,1,0
BRDA:101,10,0,1
BRDA:101,10,1,0
BRF:21
BRH:16
end_of_record
TN:
SF:db\campaignRepository.js
FN:13,validateCampaign
FN:51,createCampaign
FN:68,getCampaignsByMerchant
FN:82,getCampaignById
FN:97,getActiveCampaign
FNF:5
FNH:1
FNDA:313,validateCampaign
FNDA:0,createCampaign
FNDA:0,getCampaignsByMerchant
FNDA:0,getCampaignById
FNDA:0,getActiveCampaign
DA:1,12
DA:14,313
DA:16,313
DA:17,4
DA:18,309
DA:19,0
DA:20,309
DA:21,103
DA:24,313
DA:25,0
DA:27,313
DA:28,313
DA:29,313
DA:30,0
DA:31,313
DA:32,103
DA:36,313
DA:52,0
DA:58,0
DA:69,0
DA:73,0
DA:83,0
DA:87,0
DA:98,0
DA:105,0
DA:108,12
LF:26
LH:15
BRDA:16,0,0,4
BRDA:16,0,1,309
BRDA:18,1,0,0
BRDA:18,1,1,309
BRDA:20,2,0,103
BRDA:20,2,1,206
BRDA:24,3,0,0
BRDA:24,3,1,313
BRDA:24,4,0,313
BRDA:24,4,1,313
BRDA:29,5,0,0
BRDA:29,5,1,313
BRDA:29,6,0,313
BRDA:29,6,1,313
BRDA:31,7,0,103
BRDA:31,7,1,210
BRDA:87,8,0,0
BRDA:87,8,1,0
BRDA:105,9,0,0
BRDA:105,9,1,0
BRF:20
BRH:13
end_of_record
TN:
SF:db\contractEventRepository.js
FN:15,recordContractEvent
FN:39,markEventProcessed
FN:58,markEventFailed
FN:78,getPendingEvents
FN:100,getContractEvents
FN:149,getContractEventById
FNF:6
FNH:6
FNDA:1,recordContractEvent
FNDA:1,markEventProcessed
FNDA:1,markEventFailed
FNDA:1,getPendingEvents
FNDA:2,getContractEvents
FNDA:2,getContractEventById
DA:1,11
DA:22,1
DA:29,1
DA:40,1
DA:47,1
DA:59,1
DA:68,1
DA:79,1
DA:86,1
DA:101,2
DA:102,2
DA:103,2
DA:104,2
DA:106,2
DA:107,1
DA:108,1
DA:111,2
DA:112,1
DA:113,1
DA:116,2
DA:119,2
DA:123,2
DA:126,2
DA:134,2
DA:150,2
DA:154,2
DA:157,11
LF:27
LH:27
BRDA:78,0,0,0
BRDA:100,1,0,0
BRDA:100,2,0,0
BRDA:106,3,0,1
BRDA:106,3,1,1
BRDA:111,4,0,1
BRDA:111,4,1,1
BRDA:116,5,0,1
BRDA:116,5,1,1
BRDA:154,6,0,2
BRDA:154,6,1,1
BRF:11
BRH:8
end_of_record
TN:
SF:db\dropRepository.js
FN:7,getActiveDrops
FN:20,getDropById
FN:31,getClaimCount
FN:45,recordClaim
FNF:4
FNH:0
FNDA:0,getActiveDrops
FNDA:0,getDropById
FNDA:0,getClaimCount
FNDA:0,recordClaim
DA:1,11
DA:8,0
DA:12,0
DA:21,0
DA:22,0
DA:32,0
DA:36,0
DA:46,0
DA:50,0
DA:53,11
LF:10
LH:2
BRDA:22,0,0,0
BRDA:22,0,1,0
BRF:2
BRH:0
end_of_record
TN:
SF:db\emailLogRepository.js
FN:13,createEmailLog
FN:31,markEmailSent
FN:49,markEmailDelivered
FN:68,markEmailFailed
FN:91,getEmailLogs
FN:145,getEmailLogById
FNF:6
FNH:6
FNDA:1,createEmailLog
FNDA:1,markEmailSent
FNDA:1,markEmailDelivered
FNDA:1,markEmailFailed
FNDA:2,getEmailLogs
FNDA:2,getEmailLogById
DA:1,11
DA:14,1
DA:21,1
DA:32,1
DA:39,1
DA:50,1
DA:57,1
DA:69,1
DA:76,1
DA:92,2
DA:93,2
DA:94,2
DA:95,2
DA:97,2
DA:98,1
DA:99,1
DA:102,2
DA:103,1
DA:104,1
DA:107,2
DA:108,1
DA:109,1
DA:112,2
DA:115,2
DA:119,2
DA:122,2
DA:130,2
DA:146,2
DA:150,2
DA:153,11
LF:30
LH:30
BRDA:91,0,0,0
BRDA:91,1,0,0
BRDA:97,2,0,1
BRDA:97,2,1,1
BRDA:102,3,0,1
BRDA:102,3,1,1
BRDA:107,4,0,1
BRDA:107,4,1,1
BRDA:112,5,0,1
BRDA:112,5,1,1
BRDA:150,6,0,2
BRDA:150,6,1,1
BRF:12
BRH:10
end_of_record
TN:
SF:db\index.js
FN:15,query
FNF:1
FNH:0
FNDA:0,query
DA:1,10
DA:4,10
DA:16,0
DA:19,10
LF:4
LH:3
BRF:0
BRH:0
end_of_record
TN:
SF:db\leaderboardRepository.js
FN:14,getLeaderboard
FN:34,(anonymous_1)
FNF:2
FNH:2
FNDA:3,getLeaderboard
FNDA:2,(anonymous_1)
DA:1,11
DA:3,11
DA:15,3
DA:17,3
DA:27,3
DA:32,3
DA:33,3
DA:34,2
DA:35,2
DA:36,1
DA:40,1
DA:44,3
DA:47,11
LF:13
LH:13
BRDA:15,0,0,1
BRDA:15,0,1,2
BRDA:33,1,0,2
BRDA:33,1,1,1
BRDA:35,2,0,1
BRDA:35,2,1,1
BRDA:40,3,0,1
BRDA:40,3,1,0
BRF:8
BRH:7
end_of_record
TN:
SF:db\pointTransactionRepository.js
FN:20,recordPointTransaction
FN:87,getUserPointTransactions
FN:115,getUserBalance
FN:129,getUserTotalPoints
FN:145,getUserReferralPoints
FNF:5
FNH:5
FNDA:4,recordPointTransaction
FNDA:1,getUserPointTransactions
FNDA:2,getUserBalance
FNDA:1,getUserTotalPoints
FNDA:1,getUserReferralPoints
DA:1,11
DA:28,4
DA:29,4
DA:31,4
DA:32,1
DA:35,3
DA:36,3
DA:37,3
DA:40,3
DA:46,2
DA:51,2
DA:52,2
DA:53,2
DA:55,2
DA:56,1
DA:62,1
DA:70,1
DA:71,1
DA:73,2
DA:74,2
DA:76,3
DA:88,1
DA:90,1
DA:94,1
DA:96,1
DA:106,1
DA:116,2
DA:120,2
DA:130,1
DA:136,1
DA:146,1
DA:152,1
DA:155,11
LF:33
LH:33
BRDA:31,0,0,1
BRDA:31,0,1,3
BRDA:31,1,0,4
BRDA:31,1,1,4
BRDA:51,2,0,2
BRDA:51,2,1,0
BRDA:52,3,0,1
BRDA:52,3,1,1
BRDA:55,4,0,1
BRDA:55,4,1,1
BRDA:67,5,0,1
BRDA:67,5,1,0
BRDA:67,6,0,1
BRDA:67,6,1,1
BRDA:67,7,0,1
BRDA:67,7,1,1
BRDA:87,8,0,0
BRDA:87,9,0,0
BRDA:87,10,0,0
BRDA:120,11,0,2
BRDA:120,11,1,1
BRF:21
BRH:16
end_of_record
TN:
SF:db\redemptionRepository.js
FN:20,redeemReward
FN:141,getRedemptionById
FN:159,getUserRedemptions
FNF:3
FNH:3
FNDA:7,redeemReward
FNDA:2,getRedemptionById
FNDA:1,getUserRedemptions
DA:1,11
DA:21,7
DA:22,7
DA:23,7
DA:28,7
DA:35,6
DA:36,1
DA:37,1
DA:41,5
DA:49,5
DA:50,1
DA:53,4
DA:55,4
DA:56,1
DA:59,3
DA:60,1
DA:63,2
DA:67,2
DA:73,2
DA:78,2
DA:80,2
DA:81,1
DA:87,1
DA:90,1
DA:99,1
DA:112,1
DA:115,1
DA:123,1
DA:125,1
DA:127,5
DA:128,5
DA:130,7
DA:142,2
DA:149,2
DA:160,1
DA:162,1
DA:166,1
DA:168,1
DA:178,1
DA:181,11
LF:40
LH:40
BRDA:35,0,0,1
BRDA:35,0,1,5
BRDA:49,1,0,1
BRDA:49,1,1,4
BRDA:49,2,0,5
BRDA:49,2,1,4
BRDA:55,3,0,1
BRDA:55,3,1,3
BRDA:59,4,0,1
BRDA:59,4,1,2
BRDA:78,5,0,2
BRDA:78,5,1,0
BRDA:80,6,0,1
BRDA:80,6,1,1
BRDA:149,7,0,2
BRDA:149,7,1,1
BRDA:159,8,0,0
BRDA:159,9,0,0
BRDA:159,10,0,0
BRF:19
BRH:15
end_of_record
TN:
SF:db\transactionRepository.js
FN:19,recordTransaction
FN:44,(anonymous_1)
FN:57,getTransactionByHash
FN:72,getTransactionsByMerchant
FN:87,getMerchantTotals
FN:97,(anonymous_5)
FN:121,getTransactionsByUser
FNF:7
FNH:6
FNDA:302,recordTransaction
FNDA:102,(anonymous_1)
FNDA:300,getTransactionByHash
FNDA:100,getTransactionsByMerchant
FNDA:104,getMerchantTotals
FNDA:203,(anonymous_5)
FNDA:0,getTransactionsByUser
DA:1,14
DA:2,14
DA:29,302
DA:31,302
DA:40,302
DA:41,102
DA:44,102
DA:47,302
DA:58,300
DA:62,300
DA:73,100
DA:77,100
DA:88,104
DA:97,104
DA:98,203
DA:99,203
DA:102,104
DA:122,0
DA:123,0
DA:124,0
DA:125,0
DA:127,0
DA:128,0
DA:129,0
DA:132,0
DA:133,0
DA:134,0
DA:137,0
DA:138,0
DA:139,0
DA:142,0
DA:145,0
DA:149,0
DA:152,0
DA:162,0
DA:170,14
LF:36
LH:18
BRDA:29,0,0,302
BRDA:29,0,1,2
BRDA:40,1,0,102
BRDA:40,1,1,200
BRDA:62,2,0,300
BRDA:62,2,1,0
BRDA:103,3,0,104
BRDA:103,3,1,2
BRDA:104,4,0,104
BRDA:104,4,1,3
BRDA:121,5,0,0
BRDA:121,6,0,0
BRDA:127,7,0,0
BRDA:127,7,1,0
BRDA:132,8,0,0
BRDA:132,8,1,0
BRDA:137,9,0,0
BRDA:137,9,1,0
BRF:18
BRH:9
end_of_record
TN:
SF:db\userRepository.js
FN:7,getUserByWallet
FN:15,getUserById
FN:23,createUser
FN:33,markReferralBonusClaimed
FN:41,getReferredUsers
FN:50,getReferralPointsEarned
FN:59,hasReferralBonusBeenClaimed
FN:68,getUnprocessedReferrals
FN:91,findById
FN:101,findByWalletAddress
FN:111,getPublicProfile
FN:120,getPrivateProfile
FN:130,updateUser
FN:158,softDelete
FN:170,exists
FN:178,isAdmin
FNF:16
FNH:16
FNDA:2,getUserByWallet
FNDA:4,getUserById
FNDA:2,createUser
FNDA:1,markReferralBonusClaimed
FNDA:1,getReferredUsers
FNDA:1,getReferralPointsEarned
FNDA:2,hasReferralBonusBeenClaimed
FNDA:1,getUnprocessedReferrals
FNDA:3,findById
FNDA:1,findByWalletAddress
FNDA:2,getPublicProfile
FNDA:3,getPrivateProfile
FNDA:4,updateUser
FNDA:4,softDelete
FNDA:12,exists
FNDA:2,isAdmin
DA:1,9
DA:8,2
DA:12,2
DA:16,4
DA:20,4
DA:24,2
DA:30,2
DA:34,1
DA:38,1
DA:42,1
DA:47,1
DA:51,1
DA:56,1
DA:60,2
DA:65,2
DA:69,1
DA:84,1
DA:92,3
DA:98,3
DA:102,1
DA:108,1
DA:112,2
DA:117,2
DA:121,3
DA:127,3
DA:131,4
DA:132,4
DA:133,4
DA:134,4
DA:136,4
DA:137,4
DA:138,4
DA:139,4
DA:140,4
DA:144,4
DA:146,3
DA:148,3
DA:155,3
DA:159,4
DA:167,4
DA:171,12
DA:175,12
DA:179,2
DA:183,2
DA:186,9
LF:45
LH:45
BRDA:12,0,0,2
BRDA:12,0,1,1
BRDA:20,1,0,4
BRDA:20,1,1,1
BRDA:23,2,0,1
BRDA:28,3,0,1
BRDA:28,3,1,1
BRDA:68,4,0,0
BRDA:98,5,0,3
BRDA:98,5,1,1
BRDA:108,6,0,1
BRDA:108,6,1,0
BRDA:117,7,0,2
BRDA:117,7,1,0
BRDA:127,8,0,3
BRDA:127,8,1,0
BRDA:137,9,0,4
BRDA:137,9,1,0
BRDA:144,10,0,1
BRDA:144,10,1,3
BRDA:155,11,0,3
BRDA:155,11,1,0
BRF:22
BRH:16
end_of_record
TN:
SF:middleware\authenticateMerchant.js
FN:8,authenticateMerchant
FNF:1
FNH:0
FNDA:0,authenticateMerchant
DA:1,7
DA:9,0
DA:10,0
DA:11,0
DA:18,0
DA:23,0
DA:24,0
DA:31,0
DA:32,0
DA:35,7
LF:10
LH:2
BRDA:10,0,0,0
BRDA:10,0,1,0
BRDA:23,1,0,0
BRDA:23,1,1,0
BRF:4
BRH:0
end_of_record
TN:
SF:middleware\authenticateUser.js
FN:9,authenticateUser
FN:65,requireAdmin
FN:80,requireOwnershipOrAdmin
FNF:3
FNH:3
FNDA:4,authenticateUser
FNDA:2,requireAdmin
FNDA:4,requireOwnershipOrAdmin
DA:1,7
DA:2,7
DA:10,4
DA:12,4
DA:13,1
DA:20,3
DA:22,3
DA:23,3
DA:25,2
DA:26,0
DA:33,2
DA:41,2
DA:42,1
DA:49,1
DA:50,1
DA:52,1
DA:53,1
DA:66,2
DA:67,1
DA:73,1
DA:82,4
DA:83,3
DA:84,3
DA:86,3
DA:87,1
DA:93,2
DA:96,7
LF:27
LH:26
BRDA:12,0,0,1
BRDA:12,0,1,3
BRDA:12,1,0,4
BRDA:12,1,1,3
BRDA:25,2,0,0
BRDA:25,2,1,2
BRDA:25,3,0,2
BRDA:25,3,1,2
BRDA:41,4,0,1
BRDA:41,4,1,1
BRDA:66,5,0,1
BRDA:66,5,1,1
BRDA:82,6,0,1
BRDA:82,6,1,3
BRDA:86,7,0,1
BRDA:86,7,1,2
BRDA:86,8,0,3
BRDA:86,8,1,2
BRF:18
BRH:17
end_of_record
TN:
SF:middleware\metricsMiddleware.js
FN:14,metricsMiddleware
FN:17,(anonymous_1)
FNF:2
FNH:2
FNDA:128,metricsMiddleware
FNDA:128,(anonymous_1)
DA:1,11
DA:3,11
DA:5,11
DA:7,11
DA:15,128
DA:17,128
DA:18,128
DA:19,128
DA:20,128
DA:22,128
DA:28,128
DA:31,11
LF:12
LH:12
BRDA:20,0,0,126
BRDA:20,0,1,2
BRF:2
BRH:2
end_of_record
TN:
SF:middleware\rateLimiter.js
FN:8,(anonymous_0)
FN:11,skip
FN:20,makeStore
FN:23,(anonymous_3)
FN:28,onLimitReached
FNF:5
FNH:3
FNDA:11,(anonymous_0)
FNDA:128,skip
FNDA:22,makeStore
FNDA:0,(anonymous_3)
FNDA:0,onLimitReached
DA:1,11
DA:2,11
DA:3,11
DA:6,11
DA:8,11
DA:12,128
DA:21,22
DA:22,0
DA:23,0
DA:29,0
DA:30,0
DA:38,11
DA:49,11
DA:59,11
LF:14
LH:10
BRDA:6,0,0,11
BRDA:6,0,1,11
BRDA:21,1,0,22
BRDA:21,1,1,0
BRF:4
BRH:3
end_of_record
TN:
SF:middleware\validateDto.js
FN:9,validateDto
FN:10,(anonymous_1)
FN:13,(anonymous_2)
FN:41,(anonymous_3)
FN:88,isValidStellarAddress
FN:97,validateUpdateUserDto
FN:100,(anonymous_6)
FNF:7
FNH:7
FNDA:6,validateDto
FNDA:6,(anonymous_1)
FNDA:7,(anonymous_2)
FNDA:5,(anonymous_3)
FNDA:1,isValidStellarAddress
FNDA:6,validateUpdateUserDto
FNDA:5,(anonymous_6)
DA:10,6
DA:11,6
DA:12,6
DA:13,7
DA:16,6
DA:17,1
DA:25,5
DA:33,11
DA:42,5
DA:44,5
DA:45,4
DA:46,1
DA:47,3
DA:48,0
DA:52,5
DA:53,1
DA:54,0
DA:55,1
DA:56,0
DA:60,5
DA:61,0
DA:62,0
DA:63,0
DA:64,0
DA:68,5
DA:69,1
DA:70,0
DA:71,1
DA:72,1
DA:76,5
DA:90,1
DA:99,6
DA:100,6
DA:101,5
DA:104,5
DA:106,5
DA:107,2
DA:115,3
DA:119,11
LF:39
LH:31
BRDA:16,0,0,1
BRDA:16,0,1,5
BRDA:44,1,0,4
BRDA:44,1,1,1
BRDA:45,2,0,1
BRDA:45,2,1,3
BRDA:47,3,0,0
BRDA:47,3,1,3
BRDA:52,4,0,1
BRDA:52,4,1,4
BRDA:53,5,0,0
BRDA:53,5,1,1
BRDA:55,6,0,0
BRDA:55,6,1,1
BRDA:60,7,0,0
BRDA:60,7,1,5
BRDA:61,8,0,0
BRDA:61,8,1,0
BRDA:63,9,0,0
BRDA:63,9,1,0
BRDA:68,10,0,1
BRDA:68,10,1,4
BRDA:69,11,0,0
BRDA:69,11,1,1
BRDA:71,12,0,1
BRDA:71,12,1,0
BRDA:101,13,0,0
BRDA:101,13,1,5
BRDA:106,14,0,2
BRDA:106,14,1,3
BRF:30
BRH:19
end_of_record
TN:
SF:middleware\validateEnv.js
FN:24,validateEnv
FN:25,(anonymous_1)
FN:33,(anonymous_2)
FNF:3
FNH:3
FNDA:106,validateEnv
FNDA:954,(anonymous_1)
FNDA:417,(anonymous_2)
DA:5,1
DA:25,954
DA:28,106
DA:29,2
DA:32,106
DA:33,103
DA:34,417
DA:36,103
DA:42,1
LF:9
LH:9
BRDA:28,0,0,2
BRDA:28,0,1,104
BRDA:28,1,0,106
BRDA:28,1,1,3
BRDA:32,2,0,103
BRDA:32,2,1,3
BRF:6
BRH:6
end_of_record
TN:
SF:routes\admin.js
FN:16,(anonymous_0)
FN:30,(anonymous_1)
FN:46,(anonymous_2)
FN:64,(anonymous_3)
FN:82,(anonymous_4)
FNF:5
FNH:5
FNDA:1,(anonymous_0)
FNDA:1,(anonymous_1)
FNDA:2,(anonymous_2)
FNDA:2,(anonymous_3)
FNDA:2,(anonymous_4)
DA:1,11
DA:2,11
DA:6,11
DA:9,11
DA:16,11
DA:17,1
DA:18,1
DA:19,1
DA:21,0
DA:30,11
DA:31,1
DA:32,1
DA:33,1
DA:34,1
DA:35,1
DA:37,0
DA:46,11
DA:47,2
DA:48,2
DA:49,2
DA:50,1
DA:52,1
DA:53,1
DA:55,0
DA:64,11
DA:65,2
DA:66,2
DA:67,2
DA:68,2
DA:69,1
DA:71,1
DA:73,0
DA:82,11
DA:83,2
DA:84,2
DA:85,2
DA:86,1
DA:88,1
DA:90,0
DA:94,11
LF:40
LH:35
BRDA:32,0,0,1
BRDA:32,0,1,1
BRDA:33,1,0,1
BRDA:33,1,1,1
BRDA:49,2,0,1
BRDA:49,2,1,1
BRDA:49,3,0,2
BRDA:49,3,1,1
BRDA:68,4,0,1
BRDA:68,4,1,1
BRDA:85,5,0,1
BRDA:85,5,1,1
BRF:12
BRH:12
end_of_record
TN:
SF:routes\auth.js
FN:16,(anonymous_0)
FN:64,(anonymous_1)
FN:93,(anonymous_2)
FNF:3
FNH:3
FNDA:21,(anonymous_0)
FNDA:19,(anonymous_1)
FNDA:3,(anonymous_2)
DA:1,13
DA:2,13
DA:3,13
DA:4,13
DA:5,13
DA:6,13
DA:8,13
DA:16,13
DA:17,21
DA:18,21
DA:19,21
DA:20,12
DA:28,9
DA:29,9
DA:31,9
DA:34,9
DA:35,9
DA:43,2
DA:44,1
DA:50,1
DA:53,7
DA:55,1
DA:64,13
DA:65,19
DA:66,19
DA:67,19
DA:68,6
DA:76,13
DA:77,13
DA:79,13
DA:86,13
DA:90,13
DA:91,13
DA:93,3
DA:95,13
DA:96,6
DA:103,7
DA:104,7
DA:106,7
DA:121,0
DA:125,13
LF:41
LH:40
BRDA:19,0,0,12
BRDA:19,0,1,9
BRDA:43,1,0,1
BRDA:43,1,1,1
BRDA:67,2,0,6
BRDA:67,2,1,13
BRDA:91,3,0,10
BRDA:91,3,1,3
BRDA:95,4,0,6
BRDA:95,4,1,7
BRDA:95,5,0,13
BRDA:95,5,1,10
BRF:12
BRH:12
end_of_record
TN:
SF:routes\campaigns.js
FN:14,(anonymous_0)
FN:55,(anonymous_1)
FN:69,(anonymous_2)
FNF:3
FNH:2
FNDA:21,(anonymous_0)
FNDA:0,(anonymous_1)
FNDA:11,(anonymous_2)
DA:1,11
DA:6,11
DA:7,11
DA:14,11
DA:15,21
DA:16,21
DA:17,21
DA:19,21
DA:20,8
DA:27,13
DA:28,13
DA:29,10
DA:36,3
DA:44,3
DA:46,0
DA:55,11
DA:56,0
DA:57,0
DA:58,0
DA:60,0
DA:69,11
DA:70,11
DA:72,11
DA:73,5
DA:80,6
DA:81,6
DA:82,2
DA:88,4
DA:89,4
DA:91,0
DA:95,11
LF:31
LH:25
BRDA:19,0,0,8
BRDA:19,0,1,13
BRDA:19,1,0,21
BRDA:19,1,1,18
BRDA:19,1,2,15
BRDA:28,2,0,10
BRDA:28,2,1,3
BRDA:72,3,0,5
BRDA:72,3,1,6
BRDA:81,4,0,2
BRDA:81,4,1,4
BRF:11
BRH:11
end_of_record
TN:
SF:routes\contractEvents.js
FN:10,(anonymous_0)
FN:69,(anonymous_1)
FNF:2
FNH:2
FNDA:6,(anonymous_0)
FNDA:3,(anonymous_1)
DA:1,11
DA:2,11
DA:3,11
DA:10,11
DA:11,6
DA:12,6
DA:15,6
DA:16,6
DA:17,1
DA:25,5
DA:26,5
DA:27,1
DA:35,4
DA:36,4
DA:37,1
DA:45,3
DA:52,3
DA:60,0
DA:69,11
DA:70,3
DA:71,3
DA:72,3
DA:74,3
DA:75,1
DA:82,2
DA:83,2
DA:84,1
DA:91,1
DA:96,0
DA:100,11
LF:30
LH:28
BRDA:12,0,0,5
BRDA:12,1,0,5
BRDA:16,2,0,1
BRDA:16,2,1,5
BRDA:16,3,0,6
BRDA:16,3,1,5
BRDA:26,4,0,1
BRDA:26,4,1,4
BRDA:26,5,0,5
BRDA:26,5,1,5
BRDA:26,5,2,5
BRDA:36,6,0,1
BRDA:36,6,1,3
BRDA:36,7,0,4
BRDA:36,7,1,2
BRDA:74,8,0,1
BRDA:74,8,1,2
BRDA:74,9,0,3
BRDA:74,9,1,2
BRDA:83,10,0,1
BRDA:83,10,1,1
BRF:21
BRH:21
end_of_record
TN:
SF:routes\drops.js
FN:10,(anonymous_0)
FN:18,(anonymous_1)
FN:32,(anonymous_2)
FNF:3
FNH:0
FNDA:0,(anonymous_0)
FNDA:0,(anonymous_1)
FNDA:0,(anonymous_2)
DA:1,11
DA:2,11
DA:3,11
DA:4,11
DA:5,11
DA:7,11
DA:10,11
DA:11,0
DA:18,11
DA:19,0
DA:20,0
DA:21,0
DA:23,0
DA:32,11
DA:33,0
DA:34,0
DA:35,0
DA:36,0
DA:39,0
DA:40,0
DA:41,0
DA:44,0
DA:45,0
DA:47,0
DA:48,0
DA:55,0
DA:57,0
DA:61,11
LF:28
LH:10
BRDA:35,0,0,0
BRDA:35,0,1,0
BRDA:35,1,0,0
BRDA:35,1,1,0
BRDA:40,2,0,0
BRDA:40,2,1,0
BRDA:44,3,0,0
BRDA:47,4,0,0
BRDA:47,4,1,0
BRF:9
BRH:0
end_of_record
TN:
SF:routes\emailLogs.js
FN:10,(anonymous_0)
FN:80,(anonymous_1)
FNF:2
FNH:2
FNDA:8,(anonymous_0)
FNDA:3,(anonymous_1)
DA:1,11
DA:2,11
DA:3,11
DA:10,11
DA:11,8
DA:12,8
DA:15,8
DA:16,8
DA:17,1
DA:25,7
DA:26,7
DA:27,1
DA:35,6
DA:36,6
DA:37,1
DA:45,5
DA:46,5
DA:47,1
DA:55,4
DA:63,4
DA:71,0
DA:80,11
DA:81,3
DA:82,3
DA:83,3
DA:85,3
DA:86,1
DA:93,2
DA:94,2
DA:95,1
DA:102,1
DA:107,0
DA:111,11
LF:33
LH:31
BRDA:12,0,0,7
BRDA:12,1,0,7
BRDA:16,2,0,1
BRDA:16,2,1,7
BRDA:16,3,0,8
BRDA:16,3,1,7
BRDA:26,4,0,1
BRDA:26,4,1,6
BRDA:26,5,0,7
BRDA:26,5,1,7
BRDA:26,5,2,7
BRDA:36,6,0,1
BRDA:36,6,1,5
BRDA:36,7,0,6
BRDA:36,7,1,2
BRDA:46,8,0,1
BRDA:46,8,1,4
BRDA:46,9,0,5
BRDA:46,9,1,2
BRDA:85,10,0,1
BRDA:85,10,1,2
BRDA:85,11,0,3
BRDA:85,11,1,2
BRDA:94,12,0,1
BRDA:94,12,1,1
BRF:25
BRH:25
end_of_record
TN:
SF:routes\leaderboard.js
FN:15,(anonymous_0)
FN:33,(anonymous_1)
FNF:2
FNH:2
FNDA:4,(anonymous_0)
FNDA:3,(anonymous_1)
DA:1,11
DA:2,11
DA:3,11
DA:4,11
DA:6,11
DA:7,11
DA:15,11
DA:16,4
DA:17,4
DA:18,4
DA:19,4
DA:22,4
DA:24,4
DA:25,1
DA:27,3
DA:28,3
DA:29,3
DA:33,4
DA:34,4
DA:35,4
DA:36,2
DA:37,2
DA:40,4
DA:49,0
DA:53,11
LF:25
LH:24
BRDA:17,0,0,2
BRDA:17,0,1,2
BRDA:18,1,0,4
BRDA:18,1,1,4
BRDA:24,2,0,1
BRDA:24,2,1,3
BRDA:35,3,0,2
BRDA:35,3,1,2
BRDA:45,4,0,4
BRDA:45,4,1,1
BRF:10
BRH:10
end_of_record
TN:
SF:routes\merchants.js
FN:12,(anonymous_0)
FNF:1
FNH:1
FNDA:14,(anonymous_0)
DA:1,12
DA:2,12
DA:3,12
DA:4,12
DA:5,12
DA:12,12
DA:13,14
DA:14,14
DA:16,14
DA:17,4
DA:24,10
DA:25,6
DA:32,4
DA:33,4
DA:35,4
DA:42,4
DA:44,0
DA:45,0
DA:51,0
DA:55,12
LF:20
LH:17
BRDA:16,0,0,4
BRDA:16,0,1,10
BRDA:16,1,0,14
BRDA:16,1,1,12
BRDA:16,1,2,11
BRDA:24,2,0,6
BRDA:24,2,1,4
BRDA:24,3,0,10
BRDA:24,3,1,7
BRDA:39,4,0,4
BRDA:39,4,1,2
BRDA:44,5,0,0
BRDA:44,5,1,0
BRF:13
BRH:11
end_of_record
TN:
SF:routes\redemptions.js
FN:32,(anonymous_0)
FN:79,(anonymous_1)
FN:81,(anonymous_2)
FN:106,(anonymous_3)
FN:122,(anonymous_4)
FNF:5
FNH:4
FNDA:12,(anonymous_0)
FNDA:2,(anonymous_1)
FNDA:0,(anonymous_2)
FNDA:2,(anonymous_3)
FNDA:3,(anonymous_4)
DA:1,11
DA:2,11
DA:3,11
DA:4,11
DA:5,11
DA:6,11
DA:7,11
DA:10,11
DA:32,11
DA:33,12
DA:35,12
DA:37,12
DA:38,2
DA:45,10
DA:46,1
DA:53,9
DA:54,9
DA:57,9
DA:58,1
DA:66,8
DA:74,4
DA:76,2
DA:80,2
DA:82,0
DA:86,4
DA:87,4
DA:94,4
DA:95,3
DA:96,2
DA:97,1
DA:98,0
DA:106,11
DA:107,2
DA:108,2
DA:109,2
DA:111,2
DA:112,2
DA:114,0
DA:122,11
DA:123,3
DA:124,3
DA:125,3
DA:126,1
DA:133,2
DA:134,2
DA:135,1
DA:138,1
DA:140,0
DA:144,11
LF:49
LH:45
BRDA:37,0,0,2
BRDA:37,0,1,10
BRDA:37,1,0,12
BRDA:37,1,1,11
BRDA:37,1,2,10
BRDA:45,2,0,1
BRDA:45,2,1,9
BRDA:45,3,0,10
BRDA:45,3,1,9
BRDA:45,3,2,9
BRDA:57,4,0,1
BRDA:57,4,1,8
BRDA:74,5,0,2
BRDA:74,5,1,2
BRDA:86,6,0,2
BRDA:86,6,1,2
BRDA:89,7,0,4
BRDA:89,7,1,2
BRDA:90,8,0,4
BRDA:90,8,1,2
BRDA:94,9,0,1
BRDA:94,9,1,3
BRDA:95,10,0,1
BRDA:95,10,1,2
BRDA:96,11,0,1
BRDA:96,11,1,1
BRDA:97,12,0,1
BRDA:97,12,1,0
BRDA:108,13,0,2
BRDA:108,13,1,1
BRDA:109,14,0,2
BRDA:109,14,1,1
BRDA:125,15,0,1
BRDA:125,15,1,2
BRDA:125,16,0,3
BRDA:125,16,1,2
BRDA:134,17,0,1
BRDA:134,17,1,1
BRF:38
BRH:37
end_of_record
TN:
SF:routes\rewards.js
FN:34,(anonymous_0)
FNF:1
FNH:1
FNDA:161,(anonymous_0)
DA:1,15
DA:2,15
DA:3,15
DA:4,15
DA:5,15
DA:6,15
DA:7,15
DA:8,15
DA:9,15
DA:10,15
DA:11,15
DA:17,15
DA:34,15
DA:35,161
DA:36,161
DA:38,161
DA:39,0
DA:45,161
DA:46,0
DA:53,161
DA:54,161
DA:55,100
DA:63,61
DA:64,61
DA:65,1
DA:73,60
DA:74,60
DA:75,30
DA:82,30
DA:83,0
DA:91,30
DA:97,0
DA:99,30
DA:100,0
DA:107,30
DA:108,30
DA:116,15
LF:37
LH:32
BRDA:38,0,0,0
BRDA:38,0,1,161
BRDA:38,1,0,161
BRDA:38,1,1,161
BRDA:45,2,0,0
BRDA:45,2,1,161
BRDA:54,3,0,100
BRDA:54,3,1,61
BRDA:64,4,0,1
BRDA:64,4,1,60
BRDA:74,5,0,30
BRDA:74,5,1,30
BRDA:82,6,0,0
BRDA:82,6,1,30
BRDA:99,7,0,0
BRDA:99,7,1,30
BRDA:111,8,0,30
BRDA:111,8,1,0
BRF:18
BRH:13
end_of_record
TN:
SF:routes\transactions.js
FN:14,(anonymous_0)
FN:93,(anonymous_1)
FN:108,(anonymous_2)
FN:132,(anonymous_3)
FN:165,(anonymous_4)
FNF:5
FNH:4
FNDA:6,(anonymous_0)
FNDA:1,(anonymous_1)
FNDA:4,(anonymous_2)
FNDA:0,(anonymous_3)
FNDA:13,(anonymous_4)
DA:1,12
DA:2,12
DA:3,12
DA:4,12
DA:5,12
DA:6,12
DA:14,12
DA:15,6
DA:16,6
DA:18,6
DA:19,1
DA:26,5
DA:27,5
DA:28,1
DA:35,4
DA:36,1
DA:43,3
DA:44,0
DA:52,3
DA:53,3
DA:54,3
DA:55,2
DA:57,1
DA:64,2
DA:75,1
DA:77,1
DA:78,1
DA:84,0
DA:93,12
DA:94,1
DA:95,1
DA:96,1
DA:98,0
DA:108,12
DA:109,4
DA:110,4
DA:112,4
DA:113,1
DA:120,3
DA:122,3
DA:123,3
DA:130,0
DA:131,0
DA:133,0
DA:137,0
DA:140,0
DA:141,0
DA:144,0
DA:147,3
DA:153,3
DA:156,0
DA:165,12
DA:166,13
DA:167,13
DA:170,13
DA:171,1
DA:179,12
DA:180,12
DA:181,1
DA:189,11
DA:190,11
DA:191,1
DA:199,10
DA:200,10
DA:201,1
DA:209,9
DA:210,9
DA:211,1
DA:219,8
DA:220,1
DA:227,7
DA:228,0
DA:236,7
DA:237,7
DA:238,1
DA:246,6
DA:254,6
DA:262,0
DA:266,12
LF:79
LH:66
BRDA:18,0,0,1
BRDA:18,0,1,5
BRDA:27,1,0,1
BRDA:27,1,1,4
BRDA:27,2,0,5
BRDA:27,2,1,5
BRDA:35,3,0,1
BRDA:35,3,1,3
BRDA:35,4,0,4
BRDA:35,4,1,2
BRDA:43,5,0,0
BRDA:43,5,1,3
BRDA:43,6,0,3
BRDA:43,6,1,1
BRDA:55,7,0,2
BRDA:55,7,1,0
BRDA:70,8,0,2
BRDA:70,8,1,2
BRDA:71,9,0,2
BRDA:71,9,1,2
BRDA:77,10,0,1
BRDA:77,10,1,0
BRDA:112,11,0,1
BRDA:112,11,1,3
BRDA:133,12,0,0
BRDA:133,12,1,0
BRDA:133,12,2,0
BRDA:140,13,0,0
BRDA:140,13,1,0
BRDA:167,14,0,10
BRDA:167,15,0,12
BRDA:170,16,0,1
BRDA:170,16,1,12
BRDA:180,17,0,1
BRDA:180,17,1,11
BRDA:180,18,0,12
BRDA:180,18,1,11
BRDA:190,19,0,1
BRDA:190,19,1,10
BRDA:190,20,0,11
BRDA:190,20,1,10
BRDA:200,21,0,1
BRDA:200,21,1,9
BRDA:200,22,0,10
BRDA:200,22,1,10
BRDA:200,22,2,10
BRDA:210,23,0,1
BRDA:210,23,1,8
BRDA:210,24,0,9
BRDA:210,24,1,2
BRDA:219,25,0,1
BRDA:219,25,1,7
BRDA:219,26,0,8
BRDA:219,26,1,2
BRDA:227,27,0,0
BRDA:227,27,1,7
BRDA:227,28,0,7
BRDA:227,28,1,1
BRDA:237,29,0,1
BRDA:237,29,1,6
BRF:60
BRH:51
end_of_record
TN:
SF:routes\trustline.js
FN:10,(anonymous_0)
FN:34,(anonymous_1)
FN:62,(anonymous_2)
FN:82,(anonymous_3)
FNF:4
FNH:3
FNDA:5,(anonymous_0)
FNDA:3,(anonymous_1)
FNDA:2,(anonymous_2)
FNDA:0,(anonymous_3)
DA:1,13
DA:2,13
DA:3,13
DA:10,13
DA:11,5
DA:12,5
DA:14,5
DA:15,3
DA:22,2
DA:23,2
DA:25,0
DA:34,13
DA:35,3
DA:36,3
DA:38,3
DA:39,1
DA:47,2
DA:48,2
DA:49,1
DA:55,1
DA:56,1
DA:58,0
DA:62,13
DA:63,2
DA:64,2
DA:66,2
DA:67,1
DA:74,1
DA:75,1
DA:77,0
DA:82,13
DA:83,0
DA:84,0
DA:90,0
DA:93,13
LF:35
LH:29
BRDA:12,0,0,5
BRDA:12,0,1,0
BRDA:14,1,0,3
BRDA:14,1,1,2
BRDA:14,2,0,5
BRDA:14,2,1,3
BRDA:38,3,0,1
BRDA:38,3,1,2
BRDA:38,4,0,3
BRDA:38,4,1,3
BRDA:48,5,0,1
BRDA:48,5,1,1
BRDA:66,6,0,1
BRDA:66,6,1,1
BRDA:66,7,0,2
BRDA:66,7,1,2
BRDA:83,8,0,0
BRDA:83,8,1,0
BRDA:83,9,0,0
BRDA:83,9,1,0
BRF:20
BRH:15
end_of_record
TN:
SF:routes\users.js
FN:18,(anonymous_0)
FN:48,(anonymous_1)
FN:60,(anonymous_2)
FN:118,(anonymous_3)
FN:189,(anonymous_4)
FN:224,(anonymous_5)
FN:253,(anonymous_6)
FN:287,(anonymous_7)
FN:315,(anonymous_8)
FNF:9
FNH:6
FNDA:4,(anonymous_0)
FNDA:0,(anonymous_1)
FNDA:0,(anonymous_2)
FNDA:2,(anonymous_3)
FNDA:4,(anonymous_4)
FNDA:3,(anonymous_5)
FNDA:3,(anonymous_6)
FNDA:4,(anonymous_7)
FNDA:0,(anonymous_8)
DA:1,11
DA:2,11
DA:3,11
DA:4,11
DA:5,11
DA:6,11
DA:7,11
DA:8,11
DA:9,11
DA:10,11
DA:11,11
DA:18,11
DA:19,4
DA:20,4
DA:22,4
DA:23,1
DA:30,3
DA:31,3
DA:32,1
DA:39,2
DA:40,2
DA:41,1
DA:42,1
DA:45,2
DA:47,2
DA:48,0
DA:50,2
DA:52,0
DA:60,11
DA:61,0
DA:62,0
DA:64,0
DA:65,0
DA:72,0
DA:81,0
DA:82,0
DA:87,0
DA:118,11
DA:119,2
DA:120,2
DA:121,2
DA:122,0
DA:129,2
DA:130,2
DA:131,0
DA:134,2
DA:135,1
DA:142,1
DA:145,1
DA:146,0
DA:147,0
DA:148,0
DA:160,1
DA:162,1
DA:163,0
DA:164,0
DA:166,0
DA:170,1
DA:180,0
DA:189,11
DA:190,4
DA:191,4
DA:193,4
DA:194,0
DA:201,4
DA:202,4
DA:203,1
DA:206,3
DA:207,3
DA:209,3
DA:213,3
DA:215,0
DA:224,11
DA:225,3
DA:226,3
DA:228,3
DA:229,1
DA:236,2
DA:237,2
DA:238,1
DA:241,1
DA:242,1
DA:244,0
DA:253,11
DA:254,3
DA:255,3
DA:256,3
DA:257,3
DA:260,3
DA:261,1
DA:264,2
DA:265,2
DA:266,0
DA:269,2
DA:270,2
DA:271,2
DA:272,2
DA:273,2
DA:275,2
DA:276,2
DA:278,0
DA:287,11
DA:288,4
DA:289,4
DA:290,4
DA:291,4
DA:294,4
DA:295,4
DA:296,1
DA:299,3
DA:300,1
DA:303,2
DA:304,2
DA:306,0
DA:315,11
DA:316,0
DA:317,0
DA:318,0
DA:320,0
DA:321,0
DA:328,0
DA:329,0
DA:336,0
DA:337,0
DA:338,0
DA:341,0
DA:343,0
DA:347,11
LF:128
LH:91
BRDA:22,0,0,1
BRDA:22,0,1,3
BRDA:31,1,0,1
BRDA:31,1,1,2
BRDA:40,2,0,1
BRDA:40,2,1,1
BRDA:42,3,0,1
BRDA:42,3,1,0
BRDA:64,4,0,0
BRDA:64,4,1,0
BRDA:81,5,0,0
BRDA:81,5,1,0
BRDA:84,6,0,0
BRDA:84,6,1,0
BRDA:121,7,0,0
BRDA:121,7,1,2
BRDA:121,8,0,2
BRDA:121,8,1,2
BRDA:130,9,0,0
BRDA:130,9,1,2
BRDA:134,10,0,1
BRDA:134,10,1,1
BRDA:145,11,0,0
BRDA:145,11,1,1
BRDA:145,12,0,1
BRDA:145,12,1,1
BRDA:147,13,0,0
BRDA:147,13,1,0
BRDA:162,14,0,0
BRDA:162,14,1,1
BRDA:162,15,0,1
BRDA:162,15,1,1
BRDA:193,16,0,0
BRDA:193,16,1,4
BRDA:193,17,0,4
BRDA:193,17,1,4
BRDA:202,18,0,1
BRDA:202,18,1,3
BRDA:209,19,0,2
BRDA:209,19,1,1
BRDA:209,20,0,3
BRDA:209,20,1,2
BRDA:228,21,0,1
BRDA:228,21,1,2
BRDA:228,22,0,3
BRDA:228,22,1,2
BRDA:237,23,0,1
BRDA:237,23,1,1
BRDA:260,24,0,1
BRDA:260,24,1,2
BRDA:260,25,0,3
BRDA:260,25,1,2
BRDA:265,26,0,0
BRDA:265,26,1,2
BRDA:270,27,0,2
BRDA:270,27,1,0
BRDA:271,28,0,1
BRDA:271,28,1,1
BRDA:272,29,0,0
BRDA:272,29,1,2
BRDA:273,30,0,0
BRDA:273,30,1,2
BRDA:295,31,0,1
BRDA:295,31,1,3
BRDA:299,32,0,1
BRDA:299,32,1,2
BRDA:299,33,0,3
BRDA:299,33,1,2
BRDA:320,34,0,0
BRDA:320,34,1,0
BRDA:320,35,0,0
BRDA:320,35,1,0
BRDA:328,36,0,0
BRDA:328,36,1,0
BRDA:337,37,0,0
BRDA:337,37,1,0
BRF:76
BRH:50
end_of_record
TN:
SF:src\controllers\redemptionController.js
FN:17,redeemReward
FNF:1
FNH:0
FNDA:0,redeemReward
DA:1,0
DA:2,0
DA:18,0
DA:19,0
DA:21,0
DA:22,0
DA:29,0
DA:30,0
DA:31,0
DA:34,0
DA:38,0
DA:39,0
DA:40,0
DA:41,0
DA:49,0
DA:53,0
DA:54,0
DA:55,0
DA:56,0
DA:64,0
DA:65,0
DA:66,0
DA:73,0
DA:74,0
DA:75,0
DA:83,0
DA:89,0
DA:95,0
DA:102,0
DA:104,0
DA:106,0
DA:109,0
DA:110,0
DA:117,0
DA:119,0
DA:123,0
LF:36
LH:0
BRDA:21,0,0,0
BRDA:21,0,1,0
BRDA:21,1,0,0
BRDA:21,1,1,0
BRDA:39,2,0,0
BRDA:39,2,1,0
BRDA:54,3,0,0
BRDA:54,3,1,0
BRDA:64,4,0,0
BRDA:64,4,1,0
BRDA:73,5,0,0
BRDA:73,5,1,0
BRDA:109,6,0,0
BRDA:109,6,1,0
BRF:14
BRH:0
end_of_record
TN:
SF:src\middleware\idempotency.js
FN:6,requireIdempotencyKey
FNF:1
FNH:1
FNDA:13,requireIdempotencyKey
DA:7,13
DA:8,13
DA:9,1
DA:15,12
DA:16,12
DA:19,11
LF:6
LH:6
BRDA:8,0,0,1
BRDA:8,0,1,12
BRDA:8,1,0,13
BRDA:8,1,1,12
BRDA:8,1,2,12
BRF:5
BRH:5
end_of_record
TN:
SF:src\models\PointTransaction.js
FN:11,insertPointTransaction
FNF:1
FNH:0
FNDA:0,insertPointTransaction
DA:1,0
DA:12,0
DA:18,0
DA:21,0
LF:4
LH:0
BRF:0
BRH:0
end_of_record
