TN:
SF:db/campaignRepository.js
FN:13,validateCampaign
FN:49,createCampaign
FN:66,getCampaignsByMerchant
FN:80,getCampaignById
FN:95,getActiveCampaign
FNF:5
FNH:1
FNDA:406,validateCampaign
FNDA:0,createCampaign
FNDA:0,getCampaignsByMerchant
FNDA:0,getCampaignById
FNDA:0,getActiveCampaign
DA:1,2
DA:14,406
DA:16,406
DA:17,1
DA:18,405
DA:19,102
DA:22,406
DA:23,0
DA:25,406
DA:26,406
DA:27,406
DA:28,0
DA:29,406
DA:30,254
DA:34,406
DA:50,0
DA:56,0
DA:67,0
DA:71,0
DA:81,0
DA:85,0
DA:96,0
DA:103,0
DA:106,2
LF:24
LH:14
BRDA:16,0,0,1
BRDA:16,0,1,405
BRDA:16,1,0,406
BRDA:16,1,1,406
BRDA:16,1,2,406
BRDA:18,2,0,102
BRDA:18,2,1,303
BRDA:22,3,0,0
BRDA:22,3,1,406
BRDA:22,4,0,406
BRDA:22,4,1,406
BRDA:27,5,0,0
BRDA:27,5,1,406
BRDA:27,6,0,406
BRDA:27,6,1,406
BRDA:29,7,0,254
BRDA:29,7,1,152
BRDA:85,8,0,0
BRDA:85,8,1,0
BRDA:103,9,0,0
BRDA:103,9,1,0
BRF:21
BRH:15
end_of_record
TN:
SF:db/index.js
FN:15,query
FNF:1
FNH:0
FNDA:0,query
DA:1,2
DA:4,2
DA:16,0
DA:19,2
LF:4
LH:3
BRF:0
BRH:0
end_of_record
TN:
SF:db/transactionRepository.js
FN:18,recordTransaction
FN:47,getTransactionByHash
FN:62,getTransactionsByMerchant
FN:77,getMerchantTotals
FN:87,(anonymous_4)
FNF:5
FNH:3
FNDA:2,recordTransaction
FNDA:0,getTransactionByHash
FNDA:0,getTransactionsByMerchant
FNDA:3,getMerchantTotals
FNDA:3,(anonymous_4)
DA:1,3
DA:28,2
DA:30,2
DA:37,2
DA:48,0
DA:52,0
DA:63,0
DA:67,0
DA:78,3
DA:87,3
DA:88,3
DA:89,3
DA:92,3
DA:98,3
LF:14
LH:10
BRDA:28,0,0,2
BRDA:28,0,1,2
BRDA:52,1,0,0
BRDA:52,1,1,0
BRDA:93,2,0,3
BRDA:93,2,1,1
BRDA:94,3,0,3
BRDA:94,3,1,2
BRF:8
BRH:6
end_of_record
TN:
SF:middleware/validateEnv.js
FN:22,validateEnv
FN:23,(anonymous_1)
FN:31,(anonymous_2)
FNF:3
FNH:3
FNDA:106,validateEnv
FNDA:742,(anonymous_1)
FNDA:317,(anonymous_2)
DA:5,1
DA:23,742
DA:26,106
DA:27,2
DA:30,106
DA:31,103
DA:32,317
DA:34,103
DA:40,1
LF:9
LH:9
BRDA:26,0,0,2
BRDA:26,0,1,104
BRDA:26,1,0,106
BRDA:26,1,1,3
BRDA:30,2,0,103
BRDA:30,2,1,3
BRF:6
BRH:6
end_of_record
TN:
SF:routes/campaigns.js
FN:13,(anonymous_0)
FN:61,(anonymous_1)
FNF:2
FNH:2
FNDA:8,(anonymous_0)
FNDA:2,(anonymous_1)
DA:1,1
DA:6,1
DA:13,1
DA:14,8
DA:15,8
DA:17,8
DA:18,1
DA:25,7
DA:26,1
DA:33,6
DA:34,6
DA:35,5
DA:42,1
DA:50,1
DA:52,0
DA:61,1
DA:62,2
DA:63,2
DA:64,2
DA:65,0
DA:72,2
DA:73,2
DA:75,0
DA:79,1
LF:24
LH:21
BRDA:17,0,0,1
BRDA:17,0,1,7
BRDA:25,1,0,1
BRDA:25,1,1,6
BRDA:25,2,0,7
BRDA:25,2,1,6
BRDA:25,2,2,6
BRDA:34,3,0,5
BRDA:34,3,1,1
BRDA:64,4,0,0
BRDA:64,4,1,2
BRDA:64,5,0,2
BRDA:64,5,1,2
BRF:13
BRH:12
end_of_record
TN:
SF:routes/merchants.js
FN:11,(anonymous_0)
FNF:1
FNH:1
FNDA:14,(anonymous_0)
DA:1,2
DA:2,2
DA:3,2
DA:4,2
DA:11,2
DA:12,14
DA:13,14
DA:15,14
DA:16,4
DA:23,10
DA:24,6
DA:31,4
DA:33,4
DA:40,4
DA:42,0
DA:43,0
DA:49,0
DA:53,2
LF:18
LH:15
BRDA:15,0,0,4
BRDA:15,0,1,10
BRDA:15,1,0,14
BRDA:15,1,1,12
BRDA:15,1,2,11
BRDA:23,2,0,6
BRDA:23,2,1,4
BRDA:23,3,0,10
BRDA:23,3,1,7
BRDA:37,4,0,4
BRDA:37,4,1,2
BRDA:42,5,0,0
BRDA:42,5,1,0
BRF:13
BRH:11
end_of_record
TN:
SF:routes/rewards.js
FN:12,merchantAuth
FN:44,(anonymous_1)
FNF:2
FNH:2
FNDA:131,merchantAuth
FNDA:131,(anonymous_1)
DA:1,5
DA:2,5
DA:3,5
DA:4,5
DA:5,5
DA:6,5
DA:13,131
DA:14,131
DA:15,0
DA:22,131
DA:27,131
DA:28,0
DA:35,131
DA:36,131
DA:44,5
DA:45,131
DA:46,131
DA:48,131
DA:49,0
DA:56,131
DA:57,0
DA:65,131
DA:66,131
DA:67,1
DA:75,130
DA:76,130
DA:77,100
DA:84,30
DA:85,0
DA:93,30
DA:99,0
DA:109,0
DA:111,30
DA:112,20
DA:118,10
DA:119,0
DA:125,10
DA:129,5
LF:38
LH:30
BRDA:14,0,0,0
BRDA:14,0,1,131
BRDA:27,1,0,0
BRDA:27,1,1,131
BRDA:48,2,0,0
BRDA:48,2,1,131
BRDA:48,3,0,131
BRDA:48,3,1,131
BRDA:56,4,0,0
BRDA:56,4,1,131
BRDA:56,5,0,131
BRDA:56,5,1,131
BRDA:56,5,2,131
BRDA:66,6,0,1
BRDA:66,6,1,130
BRDA:76,7,0,100
BRDA:76,7,1,30
BRDA:84,8,0,0
BRDA:84,8,1,30
BRDA:111,9,0,20
BRDA:111,9,1,10
BRDA:118,10,0,0
BRDA:118,10,1,10
BRF:23
BRH:17
end_of_record
TN:
SF:routes/transactions.js
FN:12,(anonymous_0)
FN:76,(anonymous_1)
FN:100,(anonymous_2)
FN:135,(anonymous_3)
FNF:4
FNH:1
FNDA:0,(anonymous_0)
FNDA:4,(anonymous_1)
FNDA:0,(anonymous_2)
FNDA:0,(anonymous_3)
DA:1,2
DA:2,2
DA:3,2
DA:4,2
DA:12,2
DA:13,0
DA:14,0
DA:16,0
DA:17,0
DA:24,0
DA:25,0
DA:26,0
DA:34,0
DA:35,0
DA:36,0
DA:37,0
DA:39,0
DA:46,0
DA:57,0
DA:59,0
DA:60,0
DA:66,0
DA:76,2
DA:77,4
DA:78,4
DA:80,4
DA:81,1
DA:88,3
DA:90,3
DA:91,3
DA:98,0
DA:99,0
DA:101,0
DA:105,0
DA:108,0
DA:109,0
DA:112,0
DA:115,3
DA:121,3
DA:124,0
DA:128,2
DA:135,2
DA:136,0
DA:137,0
DA:138,0
DA:140,0
LF:46
LH:17
BRDA:16,0,0,0
BRDA:16,0,1,0
BRDA:25,1,0,0
BRDA:25,1,1,0
BRDA:25,2,0,0
BRDA:25,2,1,0
BRDA:37,3,0,0
BRDA:37,3,1,0
BRDA:52,4,0,0
BRDA:52,4,1,0
BRDA:53,5,0,0
BRDA:53,5,1,0
BRDA:59,6,0,0
BRDA:59,6,1,0
BRDA:80,7,0,1
BRDA:80,7,1,3
BRDA:101,8,0,0
BRDA:101,8,1,0
BRDA:101,8,2,0
BRDA:108,9,0,0
BRDA:108,9,1,0
BRF:21
BRH:2
end_of_record
TN:
SF:routes/trustline.js
FN:10,(anonymous_0)
FN:34,(anonymous_1)
FN:62,(anonymous_2)
FNF:3
FNH:1
FNDA:4,(anonymous_0)
FNDA:0,(anonymous_1)
FNDA:0,(anonymous_2)
DA:1,2
DA:2,2
DA:3,2
DA:10,2
DA:11,4
DA:12,4
DA:14,4
DA:15,2
DA:22,2
DA:23,2
DA:25,0
DA:34,2
DA:35,0
DA:36,0
DA:38,0
DA:39,0
DA:47,0
DA:48,0
DA:49,0
DA:55,0
DA:56,0
DA:58,0
DA:62,2
DA:63,0
DA:64,0
DA:66,0
DA:67,0
DA:74,0
DA:75,0
DA:77,0
DA:81,2
LF:31
LH:13
BRDA:14,0,0,2
BRDA:14,0,1,2
BRDA:14,1,0,4
BRDA:14,1,1,3
BRDA:38,2,0,0
BRDA:38,2,1,0
BRDA:38,3,0,0
BRDA:38,3,1,0
BRDA:48,4,0,0
BRDA:48,4,1,0
BRDA:66,5,0,0
BRDA:66,5,1,0
BRDA:66,6,0,0
BRDA:66,6,1,0
BRF:14
BRH:4
end_of_record
